D:\LEVEL 1 TERM 2\IGRAPHICS\IGRAPHICS\DEBUG\IGRAPHICS.EXE
D:\LEVEL 1 TERM 2\IGRAPHICS\IGRAPHICS\DEBUG\IGRAPHICS.ILK
D:\LEVEL 1 TERM 2\IGRAPHICS\IGRAPHICS\DEBUG\IGRAPHICS.PDB
D:\LEVEL 1 TERM 2\IGRAPHICS\IGRAPHICS\IGRAPHICS\DEBUG\BALLDEMO.OBJ
D:\Level 1 Term 2\Igraphics\IGraphics\IGraphics\Debug\cl.command.1.tlog
D:\Level 1 Term 2\Igraphics\IGraphics\IGraphics\Debug\CL.read.1.tlog
D:\Level 1 Term 2\Igraphics\IGraphics\IGraphics\Debug\CL.write.1.tlog
D:\LEVEL 1 TERM 2\IGRAPHICS\IGRAPHICS\IGRAPHICS\DEBUG\IGRAPHICS.EXE.INTERMEDIATE.MANIFEST
D:\Level 1 Term 2\Igraphics\IGraphics\IGraphics\Debug\IGraphics.vcxprojResolveAssemblyReference.cache
D:\Level 1 Term 2\Igraphics\IGraphics\IGraphics\Debug\IGraphics.write.1.tlog
D:\LEVEL 1 TERM 2\IGRAPHICS\IGRAPHICS\IGRAPHICS\DEBUG\IMAIN.OBJ
D:\Level 1 Term 2\Igraphics\IGraphics\IGraphics\Debug\link.command.1.tlog
D:\Level 1 Term 2\Igraphics\IGraphics\IGraphics\Debug\link.read.1.tlog
D:\Level 1 Term 2\Igraphics\IGraphics\IGraphics\Debug\link.write.1.tlog
D:\LEVEL 1 TERM 2\IGRAPHICS\IGRAPHICS\IGRAPHICS\DEBUG\MOUSEDEMO.OBJ
D:\Level 1 Term 2\Igraphics\IGraphics\IGraphics\Debug\mt.command.1.tlog
D:\Level 1 Term 2\Igraphics\IGraphics\IGraphics\Debug\mt.read.1.tlog
D:\Level 1 Term 2\Igraphics\IGraphics\IGraphics\Debug\mt.write.1.tlog
D:\LEVEL 1 TERM 2\IGRAPHICS\IGRAPHICS\IGRAPHICS\DEBUG\PICTUREDEMO.OBJ
D:\LEVEL 1 TERM 2\IGRAPHICS\IGRAPHICS\IGRAPHICS\DEBUG\TEST.OBJ
D:\LEVEL 1 TERM 2\IGRAPHICS\IGRAPHICS\IGRAPHICS\DEBUG\TEXTINPUTDEMO.OBJ
D:\Level 1 Term 2\Igraphics\IGraphics\IGraphics\Debug\vc100.idb
D:\LEVEL 1 TERM 2\IGRAPHICS\IGRAPHICS\IGRAPHICS\DEBUG\VC100.PDB
D:\LEVEL 1 TERM 2\IGRAPHICS\IGRAPHICS\IGRAPHICS\DEBUG\WATCH.OBJ
